<?xml version="1.0" encoding="UTF-8"?>
<coverage generated="1726576943413" clover="3.2.0">
  <project timestamp="1726576943414" name="All files">
    <metrics statements="51" coveredstatements="42" conditionals="6" coveredconditionals="3" methods="10" coveredmethods="10" elements="67" coveredelements="55" complexity="0" loc="51" ncloc="51" packages="1" files="2" classes="2"/>
    <file name="app.js" path="D:\AAA LABS\sdp\nav-api\src\app.js">
      <metrics statements="48" coveredstatements="39" conditionals="6" coveredconditionals="3" methods="10" coveredmethods="10"/>
      <line num="4" count="1" type="stmt"/>
      <line num="10" count="1" type="stmt"/>
      <line num="11" count="1" type="stmt"/>
      <line num="14" count="1" type="stmt"/>
      <line num="15" count="1" type="stmt"/>
      <line num="16" count="1" type="stmt"/>
      <line num="17" count="1" type="stmt"/>
      <line num="18" count="1" type="stmt"/>
      <line num="20" count="0" type="stmt"/>
      <line num="24" count="1" type="stmt"/>
      <line num="26" count="1" type="stmt"/>
      <line num="27" count="1" type="stmt"/>
      <line num="28" count="1" type="stmt"/>
      <line num="29" count="1" type="stmt"/>
      <line num="31" count="1" type="cond" truecount="1" falsecount="1"/>
      <line num="32" count="1" type="stmt"/>
      <line num="34" count="0" type="stmt"/>
      <line num="37" count="0" type="stmt"/>
      <line num="42" count="1" type="stmt"/>
      <line num="43" count="1" type="stmt"/>
      <line num="44" count="1" type="stmt"/>
      <line num="45" count="1" type="stmt"/>
      <line num="46" count="1" type="stmt"/>
      <line num="48" count="0" type="stmt"/>
      <line num="52" count="1" type="stmt"/>
      <line num="54" count="1" type="stmt"/>
      <line num="55" count="1" type="stmt"/>
      <line num="56" count="1" type="stmt"/>
      <line num="57" count="1" type="stmt"/>
      <line num="59" count="1" type="cond" truecount="1" falsecount="1"/>
      <line num="60" count="1" type="stmt"/>
      <line num="62" count="0" type="stmt"/>
      <line num="65" count="0" type="stmt"/>
      <line num="70" count="1" type="stmt"/>
      <line num="71" count="1" type="stmt"/>
      <line num="72" count="1" type="stmt"/>
      <line num="73" count="1" type="stmt"/>
      <line num="74" count="1" type="stmt"/>
      <line num="76" count="0" type="stmt"/>
      <line num="80" count="1" type="stmt"/>
      <line num="82" count="1" type="stmt"/>
      <line num="83" count="1" type="stmt"/>
      <line num="84" count="1" type="stmt"/>
      <line num="85" count="1" type="stmt"/>
      <line num="87" count="1" type="cond" truecount="1" falsecount="1"/>
      <line num="88" count="1" type="stmt"/>
      <line num="90" count="0" type="stmt"/>
      <line num="93" count="0" type="stmt"/>
    </file>
    <file name="firebaseConfig.js" path="D:\AAA LABS\sdp\nav-api\src\firebaseConfig.js">
      <metrics statements="3" coveredstatements="3" conditionals="0" coveredconditionals="0" methods="0" coveredmethods="0"/>
      <line num="9" count="1" type="stmt"/>
      <line num="20" count="1" type="stmt"/>
      <line num="21" count="1" type="stmt"/>
    </file>
  </project>
</coverage>
