{"/Users/retr0/Coding/Campus-Navigation-Service/src/app.js": {"path":"/Users/retr0/Coding/Campus-Navigation-Service/src/app.js","statementMap":{"0":{"start":{"line":7,"column":12},"end":{"line":7,"column":21}},"1":{"start":{"line":9,"column":0},"end":{"line":9,"column":16}},"2":{"start":{"line":14,"column":0},"end":{"line":16,"column":3}},"3":{"start":{"line":15,"column":4},"end":{"line":15,"column":30}},"4":{"start":{"line":18,"column":0},"end":{"line":26,"column":3}},"5":{"start":{"line":19,"column":4},"end":{"line":25,"column":7}},"6":{"start":{"line":20,"column":30},"end":{"line":20,"column":73}},"7":{"start":{"line":21,"column":22},"end":{"line":21,"column":84}},"8":{"start":{"line":21,"column":53},"end":{"line":21,"column":82}},"9":{"start":{"line":22,"column":8},"end":{"line":22,"column":36}},"10":{"start":{"line":24,"column":8},"end":{"line":24,"column":88}},"11":{"start":{"line":37,"column":0},"end":{"line":53,"column":3}},"12":{"start":{"line":39,"column":19},"end":{"line":39,"column":29}},"13":{"start":{"line":40,"column":4},"end":{"line":51,"column":5}},"14":{"start":{"line":41,"column":21},"end":{"line":41,"column":46}},"15":{"start":{"line":42,"column":22},"end":{"line":42,"column":42}},"16":{"start":{"line":44,"column":6},"end":{"line":48,"column":7}},"17":{"start":{"line":45,"column":8},"end":{"line":45,"column":68}},"18":{"start":{"line":47,"column":8},"end":{"line":47,"column":61}},"19":{"start":{"line":50,"column":6},"end":{"line":50,"column":83}},"20":{"start":{"line":55,"column":0},"end":{"line":64,"column":3}},"21":{"start":{"line":57,"column":19},"end":{"line":57,"column":29}},"22":{"start":{"line":58,"column":12},"end":{"line":58,"column":74}},"23":{"start":{"line":59,"column":24},"end":{"line":59,"column":40}},"24":{"start":{"line":60,"column":2},"end":{"line":62,"column":4}},"25":{"start":{"line":61,"column":4},"end":{"line":61,"column":182}},"26":{"start":{"line":66,"column":0},"end":{"line":74,"column":3}},"27":{"start":{"line":67,"column":4},"end":{"line":73,"column":7}},"28":{"start":{"line":68,"column":30},"end":{"line":68,"column":76}},"29":{"start":{"line":69,"column":22},"end":{"line":69,"column":84}},"30":{"start":{"line":69,"column":53},"end":{"line":69,"column":82}},"31":{"start":{"line":70,"column":8},"end":{"line":70,"column":36}},"32":{"start":{"line":72,"column":8},"end":{"line":72,"column":88}},"33":{"start":{"line":76,"column":0},"end":{"line":92,"column":3}},"34":{"start":{"line":78,"column":19},"end":{"line":78,"column":29}},"35":{"start":{"line":79,"column":4},"end":{"line":90,"column":5}},"36":{"start":{"line":80,"column":21},"end":{"line":80,"column":49}},"37":{"start":{"line":81,"column":22},"end":{"line":81,"column":42}},"38":{"start":{"line":83,"column":6},"end":{"line":87,"column":7}},"39":{"start":{"line":84,"column":8},"end":{"line":84,"column":68}},"40":{"start":{"line":86,"column":8},"end":{"line":86,"column":61}},"41":{"start":{"line":89,"column":6},"end":{"line":89,"column":83}},"42":{"start":{"line":94,"column":0},"end":{"line":102,"column":3}},"43":{"start":{"line":95,"column":4},"end":{"line":101,"column":7}},"44":{"start":{"line":96,"column":30},"end":{"line":96,"column":78}},"45":{"start":{"line":97,"column":22},"end":{"line":97,"column":84}},"46":{"start":{"line":97,"column":53},"end":{"line":97,"column":82}},"47":{"start":{"line":98,"column":8},"end":{"line":98,"column":36}},"48":{"start":{"line":100,"column":8},"end":{"line":100,"column":88}},"49":{"start":{"line":104,"column":0},"end":{"line":120,"column":3}},"50":{"start":{"line":106,"column":19},"end":{"line":106,"column":29}},"51":{"start":{"line":107,"column":4},"end":{"line":118,"column":5}},"52":{"start":{"line":108,"column":21},"end":{"line":108,"column":51}},"53":{"start":{"line":109,"column":22},"end":{"line":109,"column":42}},"54":{"start":{"line":111,"column":6},"end":{"line":115,"column":7}},"55":{"start":{"line":112,"column":8},"end":{"line":112,"column":68}},"56":{"start":{"line":114,"column":8},"end":{"line":114,"column":61}},"57":{"start":{"line":117,"column":6},"end":{"line":117,"column":83}}},"fnMap":{"0":{"name":"(anonymous_0)","decl":{"start":{"line":14,"column":13},"end":{"line":14,"column":14}},"loc":{"start":{"line":14,"column":27},"end":{"line":16,"column":1}},"line":14},"1":{"name":"(anonymous_1)","decl":{"start":{"line":18,"column":16},"end":{"line":18,"column":17}},"loc":{"start":{"line":18,"column":34},"end":{"line":26,"column":1}},"line":18},"2":{"name":"(anonymous_2)","decl":{"start":{"line":21,"column":45},"end":{"line":21,"column":46}},"loc":{"start":{"line":21,"column":53},"end":{"line":21,"column":82}},"line":21},"3":{"name":"(anonymous_3)","decl":{"start":{"line":37,"column":20},"end":{"line":37,"column":21}},"loc":{"start":{"line":37,"column":38},"end":{"line":53,"column":1}},"line":37},"4":{"name":"(anonymous_4)","decl":{"start":{"line":55,"column":27},"end":{"line":55,"column":28}},"loc":{"start":{"line":55,"column":45},"end":{"line":64,"column":1}},"line":55},"5":{"name":"(anonymous_5)","decl":{"start":{"line":60,"column":24},"end":{"line":60,"column":25}},"loc":{"start":{"line":60,"column":33},"end":{"line":62,"column":3}},"line":60},"6":{"name":"(anonymous_6)","decl":{"start":{"line":66,"column":18},"end":{"line":66,"column":19}},"loc":{"start":{"line":66,"column":36},"end":{"line":74,"column":1}},"line":66},"7":{"name":"(anonymous_7)","decl":{"start":{"line":69,"column":45},"end":{"line":69,"column":46}},"loc":{"start":{"line":69,"column":53},"end":{"line":69,"column":82}},"line":69},"8":{"name":"(anonymous_8)","decl":{"start":{"line":76,"column":22},"end":{"line":76,"column":23}},"loc":{"start":{"line":76,"column":40},"end":{"line":92,"column":1}},"line":76},"9":{"name":"(anonymous_9)","decl":{"start":{"line":94,"column":15},"end":{"line":94,"column":16}},"loc":{"start":{"line":94,"column":33},"end":{"line":102,"column":1}},"line":94},"10":{"name":"(anonymous_10)","decl":{"start":{"line":97,"column":45},"end":{"line":97,"column":46}},"loc":{"start":{"line":97,"column":53},"end":{"line":97,"column":82}},"line":97},"11":{"name":"(anonymous_11)","decl":{"start":{"line":104,"column":20},"end":{"line":104,"column":21}},"loc":{"start":{"line":104,"column":38},"end":{"line":120,"column":1}},"line":104}},"branchMap":{"0":{"loc":{"start":{"line":44,"column":6},"end":{"line":48,"column":7}},"type":"if","locations":[{"start":{"line":44,"column":6},"end":{"line":48,"column":7}},{"start":{"line":46,"column":13},"end":{"line":48,"column":7}}],"line":44},"1":{"loc":{"start":{"line":83,"column":6},"end":{"line":87,"column":7}},"type":"if","locations":[{"start":{"line":83,"column":6},"end":{"line":87,"column":7}},{"start":{"line":85,"column":13},"end":{"line":87,"column":7}}],"line":83},"2":{"loc":{"start":{"line":111,"column":6},"end":{"line":115,"column":7}},"type":"if","locations":[{"start":{"line":111,"column":6},"end":{"line":115,"column":7}},{"start":{"line":113,"column":13},"end":{"line":115,"column":7}}],"line":111}},"s":{"0":1,"1":1,"2":1,"3":1,"4":1,"5":1,"6":1,"7":1,"8":15,"9":1,"10":0,"11":1,"12":0,"13":0,"14":0,"15":0,"16":0,"17":0,"18":0,"19":0,"20":1,"21":0,"22":0,"23":0,"24":0,"25":0,"26":1,"27":1,"28":1,"29":1,"30":1,"31":1,"32":0,"33":1,"34":1,"35":1,"36":1,"37":1,"38":1,"39":1,"40":0,"41":0,"42":1,"43":1,"44":1,"45":1,"46":1,"47":1,"48":0,"49":1,"50":1,"51":1,"52":1,"53":1,"54":1,"55":1,"56":0,"57":0},"f":{"0":1,"1":1,"2":15,"3":0,"4":0,"5":0,"6":1,"7":1,"8":1,"9":1,"10":1,"11":1},"b":{"0":[0,0],"1":[1,0],"2":[1,0]},"_coverageSchema":"1a1c01bbd47fc00a2c39e90264f33305004495a9","hash":"3f322515b9f9517055dff34bf127611078ae6989"}
,"/Users/retr0/Coding/Campus-Navigation-Service/src/firebaseConfig.js": {"path":"/Users/retr0/Coding/Campus-Navigation-Service/src/firebaseConfig.js","statementMap":{"0":{"start":{"line":9,"column":23},"end":{"line":17,"column":1}},"1":{"start":{"line":20,"column":12},"end":{"line":20,"column":41}},"2":{"start":{"line":21,"column":18},"end":{"line":21,"column":35}}},"fnMap":{},"branchMap":{},"s":{"0":1,"1":1,"2":1},"f":{},"b":{},"_coverageSchema":"1a1c01bbd47fc00a2c39e90264f33305004495a9","hash":"b9ce1bff9f7548c663c1c221d37d0555f5ffd26f"}
}
