{"D:\\AAA LABS\\sdp\\nav-api\\src\\app.js": {"path":"D:\\AAA LABS\\sdp\\nav-api\\src\\app.js","statementMap":{"0":{"start":{"line":4,"column":12},"end":{"line":4,"column":21}},"1":{"start":{"line":10,"column":0},"end":{"line":12,"column":3}},"2":{"start":{"line":11,"column":4},"end":{"line":11,"column":30}},"3":{"start":{"line":14,"column":0},"end":{"line":22,"column":3}},"4":{"start":{"line":15,"column":4},"end":{"line":21,"column":7}},"5":{"start":{"line":16,"column":30},"end":{"line":16,"column":73}},"6":{"start":{"line":17,"column":22},"end":{"line":17,"column":84}},"7":{"start":{"line":17,"column":53},"end":{"line":17,"column":82}},"8":{"start":{"line":18,"column":8},"end":{"line":18,"column":36}},"9":{"start":{"line":20,"column":8},"end":{"line":20,"column":88}},"10":{"start":{"line":24,"column":0},"end":{"line":40,"column":3}},"11":{"start":{"line":26,"column":19},"end":{"line":26,"column":29}},"12":{"start":{"line":27,"column":4},"end":{"line":38,"column":5}},"13":{"start":{"line":28,"column":21},"end":{"line":28,"column":46}},"14":{"start":{"line":29,"column":22},"end":{"line":29,"column":42}},"15":{"start":{"line":31,"column":6},"end":{"line":35,"column":7}},"16":{"start":{"line":32,"column":8},"end":{"line":32,"column":68}},"17":{"start":{"line":34,"column":8},"end":{"line":34,"column":61}},"18":{"start":{"line":37,"column":6},"end":{"line":37,"column":83}},"19":{"start":{"line":42,"column":0},"end":{"line":50,"column":3}},"20":{"start":{"line":43,"column":4},"end":{"line":49,"column":7}},"21":{"start":{"line":44,"column":30},"end":{"line":44,"column":76}},"22":{"start":{"line":45,"column":22},"end":{"line":45,"column":84}},"23":{"start":{"line":45,"column":53},"end":{"line":45,"column":82}},"24":{"start":{"line":46,"column":8},"end":{"line":46,"column":36}},"25":{"start":{"line":48,"column":8},"end":{"line":48,"column":88}},"26":{"start":{"line":52,"column":0},"end":{"line":68,"column":3}},"27":{"start":{"line":54,"column":19},"end":{"line":54,"column":29}},"28":{"start":{"line":55,"column":4},"end":{"line":66,"column":5}},"29":{"start":{"line":56,"column":21},"end":{"line":56,"column":49}},"30":{"start":{"line":57,"column":22},"end":{"line":57,"column":42}},"31":{"start":{"line":59,"column":6},"end":{"line":63,"column":7}},"32":{"start":{"line":60,"column":8},"end":{"line":60,"column":68}},"33":{"start":{"line":62,"column":8},"end":{"line":62,"column":61}},"34":{"start":{"line":65,"column":6},"end":{"line":65,"column":83}},"35":{"start":{"line":70,"column":0},"end":{"line":78,"column":3}},"36":{"start":{"line":71,"column":4},"end":{"line":77,"column":7}},"37":{"start":{"line":72,"column":30},"end":{"line":72,"column":78}},"38":{"start":{"line":73,"column":22},"end":{"line":73,"column":84}},"39":{"start":{"line":73,"column":53},"end":{"line":73,"column":82}},"40":{"start":{"line":74,"column":8},"end":{"line":74,"column":36}},"41":{"start":{"line":76,"column":8},"end":{"line":76,"column":88}},"42":{"start":{"line":80,"column":0},"end":{"line":96,"column":3}},"43":{"start":{"line":82,"column":19},"end":{"line":82,"column":29}},"44":{"start":{"line":83,"column":4},"end":{"line":94,"column":5}},"45":{"start":{"line":84,"column":21},"end":{"line":84,"column":51}},"46":{"start":{"line":85,"column":22},"end":{"line":85,"column":42}},"47":{"start":{"line":87,"column":6},"end":{"line":91,"column":7}},"48":{"start":{"line":88,"column":8},"end":{"line":88,"column":68}},"49":{"start":{"line":90,"column":8},"end":{"line":90,"column":61}},"50":{"start":{"line":93,"column":6},"end":{"line":93,"column":83}}},"fnMap":{"0":{"name":"(anonymous_0)","decl":{"start":{"line":10,"column":13},"end":{"line":10,"column":14}},"loc":{"start":{"line":10,"column":27},"end":{"line":12,"column":1}},"line":10},"1":{"name":"(anonymous_1)","decl":{"start":{"line":14,"column":16},"end":{"line":14,"column":17}},"loc":{"start":{"line":14,"column":34},"end":{"line":22,"column":1}},"line":14},"2":{"name":"(anonymous_2)","decl":{"start":{"line":17,"column":45},"end":{"line":17,"column":46}},"loc":{"start":{"line":17,"column":53},"end":{"line":17,"column":82}},"line":17},"3":{"name":"(anonymous_3)","decl":{"start":{"line":24,"column":20},"end":{"line":24,"column":21}},"loc":{"start":{"line":24,"column":38},"end":{"line":40,"column":1}},"line":24},"4":{"name":"(anonymous_4)","decl":{"start":{"line":42,"column":18},"end":{"line":42,"column":19}},"loc":{"start":{"line":42,"column":36},"end":{"line":50,"column":1}},"line":42},"5":{"name":"(anonymous_5)","decl":{"start":{"line":45,"column":45},"end":{"line":45,"column":46}},"loc":{"start":{"line":45,"column":53},"end":{"line":45,"column":82}},"line":45},"6":{"name":"(anonymous_6)","decl":{"start":{"line":52,"column":22},"end":{"line":52,"column":23}},"loc":{"start":{"line":52,"column":40},"end":{"line":68,"column":1}},"line":52},"7":{"name":"(anonymous_7)","decl":{"start":{"line":70,"column":15},"end":{"line":70,"column":16}},"loc":{"start":{"line":70,"column":33},"end":{"line":78,"column":1}},"line":70},"8":{"name":"(anonymous_8)","decl":{"start":{"line":73,"column":45},"end":{"line":73,"column":46}},"loc":{"start":{"line":73,"column":53},"end":{"line":73,"column":82}},"line":73},"9":{"name":"(anonymous_9)","decl":{"start":{"line":80,"column":20},"end":{"line":80,"column":21}},"loc":{"start":{"line":80,"column":38},"end":{"line":96,"column":1}},"line":80}},"branchMap":{"0":{"loc":{"start":{"line":31,"column":6},"end":{"line":35,"column":7}},"type":"if","locations":[{"start":{"line":31,"column":6},"end":{"line":35,"column":7}},{"start":{"line":33,"column":13},"end":{"line":35,"column":7}}],"line":31},"1":{"loc":{"start":{"line":59,"column":6},"end":{"line":63,"column":7}},"type":"if","locations":[{"start":{"line":59,"column":6},"end":{"line":63,"column":7}},{"start":{"line":61,"column":13},"end":{"line":63,"column":7}}],"line":59},"2":{"loc":{"start":{"line":87,"column":6},"end":{"line":91,"column":7}},"type":"if","locations":[{"start":{"line":87,"column":6},"end":{"line":91,"column":7}},{"start":{"line":89,"column":13},"end":{"line":91,"column":7}}],"line":87}},"s":{"0":1,"1":1,"2":1,"3":1,"4":1,"5":1,"6":1,"7":1,"8":1,"9":0,"10":1,"11":1,"12":1,"13":1,"14":1,"15":1,"16":1,"17":0,"18":0,"19":1,"20":1,"21":1,"22":1,"23":1,"24":1,"25":0,"26":1,"27":1,"28":1,"29":1,"30":1,"31":1,"32":1,"33":0,"34":0,"35":1,"36":1,"37":1,"38":1,"39":1,"40":1,"41":0,"42":1,"43":1,"44":1,"45":1,"46":1,"47":1,"48":1,"49":0,"50":0},"f":{"0":1,"1":1,"2":1,"3":1,"4":1,"5":1,"6":1,"7":1,"8":1,"9":1},"b":{"0":[1,0],"1":[1,0],"2":[1,0]},"_coverageSchema":"1a1c01bbd47fc00a2c39e90264f33305004495a9","hash":"a0f5517d0ce2bf8e0132390700ac9f14841e9fe7"}
,"D:\\AAA LABS\\sdp\\nav-api\\src\\firebaseConfig.js": {"path":"D:\\AAA LABS\\sdp\\nav-api\\src\\firebaseConfig.js","statementMap":{"0":{"start":{"line":9,"column":23},"end":{"line":17,"column":1}},"1":{"start":{"line":20,"column":12},"end":{"line":20,"column":41}},"2":{"start":{"line":21,"column":18},"end":{"line":21,"column":35}}},"fnMap":{},"branchMap":{},"s":{"0":1,"1":1,"2":1},"f":{},"b":{},"_coverageSchema":"1a1c01bbd47fc00a2c39e90264f33305004495a9","hash":"d64ed64a596d69a23acd8be1748e85fc86ec823d"}
}
