TN:
SF:src/app.js
FN:14,(anonymous_0)
FN:18,(anonymous_1)
FN:21,(anonymous_2)
FN:37,(anonymous_3)
FN:55,(anonymous_4)
FN:60,(anonymous_5)
FN:66,(anonymous_6)
FN:69,(anonymous_7)
FN:76,(anonymous_8)
FN:94,(anonymous_9)
FN:97,(anonymous_10)
FN:104,(anonymous_11)
FNF:12
FNH:9
FNDA:1,(anonymous_0)
FNDA:1,(anonymous_1)
FNDA:15,(anonymous_2)
FNDA:0,(anonymous_3)
FNDA:0,(anonymous_4)
FNDA:0,(anonymous_5)
FNDA:1,(anonymous_6)
FNDA:1,(anonymous_7)
FNDA:1,(anonymous_8)
FNDA:1,(anonymous_9)
FNDA:1,(anonymous_10)
FNDA:1,(anonymous_11)
DA:7,1
DA:9,1
DA:14,1
DA:15,1
DA:18,1
DA:19,1
DA:20,1
DA:21,15
DA:22,1
DA:24,0
DA:37,1
DA:39,0
DA:40,0
DA:41,0
DA:42,0
DA:44,0
DA:45,0
DA:47,0
DA:50,0
DA:55,1
DA:57,0
DA:58,0
DA:59,0
DA:60,0
DA:61,0
DA:66,1
DA:67,1
DA:68,1
DA:69,1
DA:70,1
DA:72,0
DA:76,1
DA:78,1
DA:79,1
DA:80,1
DA:81,1
DA:83,1
DA:84,1
DA:86,0
DA:89,0
DA:94,1
DA:95,1
DA:96,1
DA:97,1
DA:98,1
DA:100,0
DA:104,1
DA:106,1
DA:107,1
DA:108,1
DA:109,1
DA:111,1
DA:112,1
DA:114,0
DA:117,0
LF:55
LH:35
BRDA:44,0,0,0
BRDA:44,0,1,0
BRDA:83,1,0,1
BRDA:83,1,1,0
BRDA:111,2,0,1
BRDA:111,2,1,0
BRF:6
BRH:2
end_of_record
TN:
SF:src/firebaseConfig.js
FNF:0
FNH:0
DA:9,1
DA:20,1
DA:21,1
LF:3
LH:3
BRF:0
BRH:0
end_of_record
